<html>
<head>
<title>TestNG:  Admin Tests</title>
<link href="../testng.css" rel="stylesheet" type="text/css" />
<link href="../my-testng.css" rel="stylesheet" type="text/css" />

<style type="text/css">
.log { display: none;} 
.stack-trace { display: none;} 
</style>
<script type="text/javascript">
<!--
function flip(e) {
  current = e.style.display;
  if (current == 'block') {
    e.style.display = 'none';
    return 0;
  }
  else {
    e.style.display = 'block';
    return 1;
  }
}

function toggleBox(szDivId, elem, msg1, msg2)
{
  var res = -1;  if (document.getElementById) {
    res = flip(document.getElementById(szDivId));
  }
  else if (document.all) {
    // this is the way old msie versions work
    res = flip(document.all[szDivId]);
  }
  if(elem) {
    if(res == 0) elem.innerHTML = msg1; else elem.innerHTML = msg2;
  }

}

function toggleAllBoxes() {
  if (document.getElementsByTagName) {
    d = document.getElementsByTagName('div');
    for (i = 0; i < d.length; i++) {
      if (d[i].className == 'log') {
        flip(d[i]);
      }
    }
  }
}

// -->
</script>

</head>
<body>
<h2 align='center'>Admin Tests</h2><table border='1' align="center">
<tr>
<td>Tests passed/Failed/Skipped:</td><td>16/1/0</td>
</tr><tr>
<td>Started on:</td><td>Mon Mar 06 18:56:50 IST 2023</td>
</tr>
<tr><td>Total time:</td><td>263 seconds (263864 ms)</td>
</tr><tr>
<td>Included groups:</td><td></td>
</tr><tr>
<td>Excluded groups:</td><td></td>
</tr>
</table><p/>
<small><i>(Hover the method name to see the test class name)</i></small><p/>
<table width='100%' border='1' class='invocation-failed'>
<tr><td colspan='4' align='center'><b>FAILED TESTS</b></td></tr>
<tr><td><b>Test method</b></td>
<td width="30%"><b>Exception</b></td>
<td width="10%"><b>Time (seconds)</b></td>
<td><b>Instance</b></td>
</tr>
<tr>
<td title='web.tests.admin.ManageCategory.addManageCategory()'><b>addManageCategory</b><br>Test class: web.tests.admin.ManageCategory</td>
<td><div><pre>java.lang.AssertionError: Expected condition failed: waiting for visibility of element located by By.xpath: //div[contains(@class,&apos;relative&apos;)]//descendant::h2 (tried for 10 second(s) with 500 milliseconds interval)
Build info: version: &apos;4.8.0&apos;, revision: &apos;267030adea&apos;
System info: os.name: &apos;Windows 10&apos;, os.arch: &apos;amd64&apos;, os.version: &apos;10.0&apos;, java.version: &apos;1.8.0_311&apos;
Driver info: org.openqa.selenium.chrome.ChromeDriver
Capabilities {acceptInsecureCerts: false, browserName: chrome, browserVersion: 110.0.5481.178, chrome: {chromedriverVersion: 110.0.5481.77 (65ed616c6e8e..., userDataDir: C:\Users\lapde\AppData\Loca...}, goog:chromeOptions: {debuggerAddress: localhost:55713}, networkConnectionEnabled: false, pageLoadStrategy: normal, platformName: WINDOWS, proxy: Proxy(), se:cdp: ws://localhost:55713/devtoo..., se:cdpVersion: 110.0.5481.178, setWindowRect: true, strictFileInteractability: false, timeouts: {implicit: 0, pageLoad: 300000, script: 30000}, unhandledPromptBehavior: dismiss and notify, webauthn:extension:credBlob: true, webauthn:extension:largeBlob: true, webauthn:virtualAuthenticators: true}
Session ID: 50d98ce9a0eab9567000aae215c12d1a
	at web.pages.BaseMethods.waitForElementVisibility(BaseMethods.java:106)
	at web.pages.BaseMethods.getElementText(BaseMethods.java:183)
	at web.steps.admin.ManageCategoryStep.verifyAddPagetitle(ManageCategoryStep.java:40)
	at web.tests.admin.ManageCategory.addManageCategory(ManageCategory.java:50)
	at java.util.concurrent.ThreadPoolExecutor.runWorker(Unknown Source)
	at java.util.concurrent.ThreadPoolExecutor$Worker.run(Unknown Source)
	at java.lang.Thread.run(Unknown Source)
... Removed 13 stack frames</pre></div><a href='#' onClick='toggleBox("stack-trace169222781", this, "Click to show all stack frames", "Click to hide stack frames")'>Click to show all stack frames</a>
<div class='stack-trace' id='stack-trace169222781'><pre>java.lang.AssertionError: Expected condition failed: waiting for visibility of element located by By.xpath: //div[contains(@class,&apos;relative&apos;)]//descendant::h2 (tried for 10 second(s) with 500 milliseconds interval)
Build info: version: &apos;4.8.0&apos;, revision: &apos;267030adea&apos;
System info: os.name: &apos;Windows 10&apos;, os.arch: &apos;amd64&apos;, os.version: &apos;10.0&apos;, java.version: &apos;1.8.0_311&apos;
Driver info: org.openqa.selenium.chrome.ChromeDriver
Capabilities {acceptInsecureCerts: false, browserName: chrome, browserVersion: 110.0.5481.178, chrome: {chromedriverVersion: 110.0.5481.77 (65ed616c6e8e..., userDataDir: C:\Users\lapde\AppData\Loca...}, goog:chromeOptions: {debuggerAddress: localhost:55713}, networkConnectionEnabled: false, pageLoadStrategy: normal, platformName: WINDOWS, proxy: Proxy(), se:cdp: ws://localhost:55713/devtoo..., se:cdpVersion: 110.0.5481.178, setWindowRect: true, strictFileInteractability: false, timeouts: {implicit: 0, pageLoad: 300000, script: 30000}, unhandledPromptBehavior: dismiss and notify, webauthn:extension:credBlob: true, webauthn:extension:largeBlob: true, webauthn:virtualAuthenticators: true}
Session ID: 50d98ce9a0eab9567000aae215c12d1a
	at org.testng.Assert.fail(Assert.java:99)
	at web.pages.BaseMethods.waitForElementVisibility(BaseMethods.java:106)
	at web.pages.BaseMethods.getElementText(BaseMethods.java:183)
	at web.steps.admin.ManageCategoryStep.verifyAddPagetitle(ManageCategoryStep.java:40)
	at web.tests.admin.ManageCategory.addManageCategory(ManageCategory.java:50)
	at sun.reflect.NativeMethodAccessorImpl.invoke0(Native Method)
	at sun.reflect.NativeMethodAccessorImpl.invoke(Unknown Source)
	at sun.reflect.DelegatingMethodAccessorImpl.invoke(Unknown Source)
	at java.lang.reflect.Method.invoke(Unknown Source)
	at org.testng.internal.MethodInvocationHelper.invokeMethod(MethodInvocationHelper.java:133)
	at org.testng.internal.TestInvoker.invokeMethod(TestInvoker.java:598)
	at org.testng.internal.TestInvoker.invokeTestMethod(TestInvoker.java:173)
	at org.testng.internal.MethodRunner.runInSequence(MethodRunner.java:46)
	at org.testng.internal.TestInvoker$MethodInvocationAgent.invoke(TestInvoker.java:824)
	at org.testng.internal.TestInvoker.invokeTestMethods(TestInvoker.java:146)
	at org.testng.internal.TestMethodWorker.invokeTestMethods(TestMethodWorker.java:146)
	at org.testng.internal.TestMethodWorker.run(TestMethodWorker.java:128)
	at java.util.concurrent.ThreadPoolExecutor.runWorker(Unknown Source)
	at java.util.concurrent.ThreadPoolExecutor$Worker.run(Unknown Source)
	at java.lang.Thread.run(Unknown Source)
</pre></div></td>
<td>32</td>
<td>web.tests.admin.ManageCategory@6366ebe0</td></tr>
</table><p>
<table width='100%' border='1' class='invocation-passed'>
<tr><td colspan='4' align='center'><b>PASSED TESTS</b></td></tr>
<tr><td><b>Test method</b></td>
<td width="30%"><b>Exception</b></td>
<td width="10%"><b>Time (seconds)</b></td>
<td><b>Instance</b></td>
</tr>
<tr>
<td title='web.tests.admin.ManageBrands.addManageBrands()'><b>addManageBrands</b><br>Test class: web.tests.admin.ManageBrands</td>
<td></td>
<td>32</td>
<td>web.tests.admin.ManageBrands@543e710e</td></tr>
<tr>
<td title='web.tests.admin.ManageCoupons.addFreeShippingTypeManageCoupon()'><b>addFreeShippingTypeManageCoupon</b><br>Test class: web.tests.admin.ManageCoupons</td>
<td></td>
<td>34</td>
<td>web.tests.admin.ManageCoupons@2698dc7</td></tr>
<tr>
<td title='web.tests.admin.ManageColors.addManageColor()'><b>addManageColor</b><br>Test class: web.tests.admin.ManageColors</td>
<td></td>
<td>23</td>
<td>web.tests.admin.ManageColors@17baae6e</td></tr>
<tr>
<td title='web.tests.admin.ManageFAQ.addManageFAQ()'><b>addManageFAQ</b><br>Test class: web.tests.admin.ManageFAQ</td>
<td></td>
<td>25</td>
<td>web.tests.admin.ManageFAQ@43d7741f</td></tr>
<tr>
<td title='web.tests.admin.ManageQuality.addManageQuality()'><b>addManageQuality</b><br>Test class: web.tests.admin.ManageQuality</td>
<td></td>
<td>27</td>
<td>web.tests.admin.ManageQuality@1e4a7dd4</td></tr>
<tr>
<td title='web.tests.admin.ManageMaterialType.addManageMaterialTypes()'><b>addManageMaterialTypes</b><br>Test class: web.tests.admin.ManageMaterialType</td>
<td></td>
<td>27</td>
<td>web.tests.admin.ManageMaterialType@48a242ce</td></tr>
<tr>
<td title='web.tests.admin.ManageBanners.addManageBanners()'><b>addManageBanners</b><br>Test class: web.tests.admin.ManageBanners</td>
<td></td>
<td>23</td>
<td>web.tests.admin.ManageBanners@3d0f8e03</td></tr>
<tr>
<td title='web.tests.admin.SignInTest.VeriyLoginToast()'><b>VeriyLoginToast</b><br>Test class: web.tests.admin.SignInTest</td>
<td></td>
<td>18</td>
<td>web.tests.admin.SignInTest@6483f5ae</td></tr>
<tr>
<td title='web.tests.admin.ManageCountryManufacture.addManageCountryofManufacture()'><b>addManageCountryofManufacture</b><br>Test class: web.tests.admin.ManageCountryManufacture</td>
<td></td>
<td>22</td>
<td>web.tests.admin.ManageCountryManufacture@5f71c76a</td></tr>
<tr>
<td title='web.tests.admin.ManageFilterSize.addManageFilterSize()'><b>addManageFilterSize</b><br>Test class: web.tests.admin.ManageFilterSize</td>
<td></td>
<td>23</td>
<td>web.tests.admin.ManageFilterSize@27fe3806</td></tr>
<tr>
<td title='web.tests.admin.ManageCoupons.addManageCouponDiscountTypeWithPercentage()'><b>addManageCouponDiscountTypeWithPercentage</b><br>Test class: web.tests.admin.ManageCoupons</td>
<td></td>
<td>31</td>
<td>web.tests.admin.ManageCoupons@2698dc7</td></tr>
<tr>
<td title='web.tests.admin.ManageActualSize.addManageActualSize()'><b>addManageActualSize</b><br>Test class: web.tests.admin.ManageActualSize</td>
<td></td>
<td>33</td>
<td>web.tests.admin.ManageActualSize@69379752</td></tr>
<tr>
<td title='web.tests.admin.ManageProductOverview.addManageProductOverview()'><b>addManageProductOverview</b><br>Test class: web.tests.admin.ManageProductOverview</td>
<td></td>
<td>26</td>
<td>web.tests.admin.ManageProductOverview@57f23557</td></tr>
<tr>
<td title='web.tests.admin.ManageFinishes.addManageFinishes()'><b>addManageFinishes</b><br>Test class: web.tests.admin.ManageFinishes</td>
<td></td>
<td>30</td>
<td>web.tests.admin.ManageFinishes@1d7acb34</td></tr>
<tr>
<td title='web.tests.admin.ManageSinkType.addManageSinkType()'><b>addManageSinkType</b><br>Test class: web.tests.admin.ManageSinkType</td>
<td></td>
<td>27</td>
<td>web.tests.admin.ManageSinkType@4f51b3e0</td></tr>
<tr>
<td title='web.tests.admin.ManageCoupons.addManageCouponDiscountTypeWithValue()'><b>addManageCouponDiscountTypeWithValue</b><br>Test class: web.tests.admin.ManageCoupons</td>
<td></td>
<td>29</td>
<td>web.tests.admin.ManageCoupons@2698dc7</td></tr>
</table><p>
</body>
</html>