<?xml version="1.0" encoding="UTF-8"?>
<!-- Generated by org.testng.reporters.JUnitXMLReporter -->
<testsuite hostname="DESKTOP-46AHGLC" ignored="28" name="Admin Tests" tests="17" failures="1" timestamp="2023-03-06T19:01:14 IST" time="263.864" errors="0">
  <testcase name="VeriyLoginToast" time="18.03" classname="web.tests.admin.SignInTest"/>
  <testcase name="addManageActualSize" time="33.57" classname="web.tests.admin.ManageActualSize"/>
  <testcase name="addManageBanners" time="23.695" classname="web.tests.admin.ManageBanners"/>
  <testcase name="addManageBrands" time="32.855" classname="web.tests.admin.ManageBrands"/>
  <testcase name="addManageCategory" time="32.196" classname="web.tests.admin.ManageCategory">
    <failure type="java.lang.AssertionError" message="Expected condition failed: waiting for visibility of element located by By.xpath: //div[contains(@class,&amp;apos;relative&amp;apos;)]//descendant::h2 (tried for 10 second(s) with 500 milliseconds interval)
Build info: version: &amp;apos;4.8.0&amp;apos;, revision: &amp;apos;267030adea&amp;apos;
System info: os.name: &amp;apos;Windows 10&amp;apos;, os.arch: &amp;apos;amd64&amp;apos;, os.version: &amp;apos;10.0&amp;apos;, java.version: &amp;apos;1.8.0_311&amp;apos;
Driver info: org.openqa.selenium.chrome.ChromeDriver
Capabilities {acceptInsecureCerts: false, browserName: chrome, browserVersion: 110.0.5481.178, chrome: {chromedriverVersion: 110.0.5481.77 (65ed616c6e8e..., userDataDir: C:\Users\lapde\AppData\Loca...}, goog:chromeOptions: {debuggerAddress: localhost:55713}, networkConnectionEnabled: false, pageLoadStrategy: normal, platformName: WINDOWS, proxy: Proxy(), se:cdp: ws://localhost:55713/devtoo..., se:cdpVersion: 110.0.5481.178, setWindowRect: true, strictFileInteractability: false, timeouts: {implicit: 0, pageLoad: 300000, script: 30000}, unhandledPromptBehavior: dismiss and notify, webauthn:extension:credBlob: true, webauthn:extension:largeBlob: true, webauthn:virtualAuthenticators: true}
Session ID: 50d98ce9a0eab9567000aae215c12d1a">
      <![CDATA[java.lang.AssertionError: Expected condition failed: waiting for visibility of element located by By.xpath: //div[contains(@class,'relative')]//descendant::h2 (tried for 10 second(s) with 500 milliseconds interval)
Build info: version: '4.8.0', revision: '267030adea'
System info: os.name: 'Windows 10', os.arch: 'amd64', os.version: '10.0', java.version: '1.8.0_311'
Driver info: org.openqa.selenium.chrome.ChromeDriver
Capabilities {acceptInsecureCerts: false, browserName: chrome, browserVersion: 110.0.5481.178, chrome: {chromedriverVersion: 110.0.5481.77 (65ed616c6e8e..., userDataDir: C:\Users\lapde\AppData\Loca...}, goog:chromeOptions: {debuggerAddress: localhost:55713}, networkConnectionEnabled: false, pageLoadStrategy: normal, platformName: WINDOWS, proxy: Proxy(), se:cdp: ws://localhost:55713/devtoo..., se:cdpVersion: 110.0.5481.178, setWindowRect: true, strictFileInteractability: false, timeouts: {implicit: 0, pageLoad: 300000, script: 30000}, unhandledPromptBehavior: dismiss and notify, webauthn:extension:credBlob: true, webauthn:extension:largeBlob: true, webauthn:virtualAuthenticators: true}
Session ID: 50d98ce9a0eab9567000aae215c12d1a
at web.pages.BaseMethods.waitForElementVisibility(BaseMethods.java:106)
at web.pages.BaseMethods.getElementText(BaseMethods.java:183)
at web.steps.admin.ManageCategoryStep.verifyAddPagetitle(ManageCategoryStep.java:40)
at web.tests.admin.ManageCategory.addManageCategory(ManageCategory.java:50)
at java.util.concurrent.ThreadPoolExecutor.runWorker(Unknown Source)
at java.util.concurrent.ThreadPoolExecutor$Worker.run(Unknown Source)
at java.lang.Thread.run(Unknown Source)
... Removed 13 stack frames]]>
    </failure>
  </testcase> <!-- addManageCategory -->
  <testcase name="addManageColor" time="23.108" classname="web.tests.admin.ManageColors"/>
  <testcase name="addManageCountryofManufacture" time="22.509" classname="web.tests.admin.ManageCountryManufacture"/>
  <testcase name="addManageCouponDiscountTypeWithPercentage" time="31.819" classname="web.tests.admin.ManageCoupons"/>
  <testcase name="addManageFAQ" time="25.114" classname="web.tests.admin.ManageFAQ"/>
  <testcase name="addManageFilterSize" time="23.752" classname="web.tests.admin.ManageFilterSize"/>
  <testcase name="addManageCouponDiscountTypeWithValue" time="29.14" classname="web.tests.admin.ManageCoupons"/>
  <testcase name="addManageFinishes" time="30.009" classname="web.tests.admin.ManageFinishes"/>
  <testcase name="addFreeShippingTypeManageCoupon" time="34.186" classname="web.tests.admin.ManageCoupons"/>
  <testcase name="addManageMaterialTypes" time="27.555" classname="web.tests.admin.ManageMaterialType"/>
  <testcase name="addManageProductOverview" time="26.033" classname="web.tests.admin.ManageProductOverview"/>
  <testcase name="addManageQuality" time="27.951" classname="web.tests.admin.ManageQuality"/>
  <testcase name="addManageSinkType" time="27.951" classname="web.tests.admin.ManageSinkType"/>
  <testcase name="@BeforeSuite suiteSetup" time="0.0" classname="web.tests.admin.BaseTest">
    <ignored/>
  </testcase> <!-- @BeforeSuite suiteSetup -->
  <testcase name="@BeforeSuite suiteSetup" time="0.0" classname="web.tests.admin.BaseTest">
    <ignored/>
  </testcase> <!-- @BeforeSuite suiteSetup -->
  <testcase name="@BeforeSuite suiteSetup" time="0.0" classname="web.tests.admin.BaseTest">
    <ignored/>
  </testcase> <!-- @BeforeSuite suiteSetup -->
  <testcase name="@BeforeSuite suiteSetup" time="0.0" classname="web.tests.admin.BaseTest">
    <ignored/>
  </testcase> <!-- @BeforeSuite suiteSetup -->
  <testcase name="@BeforeSuite suiteSetup" time="0.0" classname="web.tests.admin.BaseTest">
    <ignored/>
  </testcase> <!-- @BeforeSuite suiteSetup -->
  <testcase name="@BeforeSuite suiteSetup" time="0.0" classname="web.tests.admin.BaseTest">
    <ignored/>
  </testcase> <!-- @BeforeSuite suiteSetup -->
  <testcase name="@BeforeSuite suiteSetup" time="0.0" classname="web.tests.admin.BaseTest">
    <ignored/>
  </testcase> <!-- @BeforeSuite suiteSetup -->
  <testcase name="@BeforeSuite suiteSetup" time="0.0" classname="web.tests.admin.BaseTest">
    <ignored/>
  </testcase> <!-- @BeforeSuite suiteSetup -->
  <testcase name="@BeforeSuite suiteSetup" time="0.0" classname="web.tests.admin.BaseTest">
    <ignored/>
  </testcase> <!-- @BeforeSuite suiteSetup -->
  <testcase name="@BeforeSuite suiteSetup" time="0.0" classname="web.tests.admin.BaseTest">
    <ignored/>
  </testcase> <!-- @BeforeSuite suiteSetup -->
  <testcase name="@BeforeSuite suiteSetup" time="0.0" classname="web.tests.admin.BaseTest">
    <ignored/>
  </testcase> <!-- @BeforeSuite suiteSetup -->
  <testcase name="@BeforeSuite suiteSetup" time="0.0" classname="web.tests.admin.BaseTest">
    <ignored/>
  </testcase> <!-- @BeforeSuite suiteSetup -->
  <testcase name="@BeforeSuite suiteSetup" time="0.0" classname="web.tests.admin.BaseTest">
    <ignored/>
  </testcase> <!-- @BeforeSuite suiteSetup -->
  <testcase name="@BeforeSuite suiteSetup" time="0.0" classname="web.tests.admin.BaseTest">
    <ignored/>
  </testcase> <!-- @BeforeSuite suiteSetup -->
  <testcase name="@AfterSuite suiteTeardown" time="0.0" classname="web.tests.admin.BaseTest">
    <ignored/>
  </testcase> <!-- @AfterSuite suiteTeardown -->
  <testcase name="@AfterSuite suiteTeardown" time="0.0" classname="web.tests.admin.BaseTest">
    <ignored/>
  </testcase> <!-- @AfterSuite suiteTeardown -->
  <testcase name="@AfterSuite suiteTeardown" time="0.0" classname="web.tests.admin.BaseTest">
    <ignored/>
  </testcase> <!-- @AfterSuite suiteTeardown -->
  <testcase name="@AfterSuite suiteTeardown" time="0.0" classname="web.tests.admin.BaseTest">
    <ignored/>
  </testcase> <!-- @AfterSuite suiteTeardown -->
  <testcase name="@AfterSuite suiteTeardown" time="0.0" classname="web.tests.admin.BaseTest">
    <ignored/>
  </testcase> <!-- @AfterSuite suiteTeardown -->
  <testcase name="@AfterSuite suiteTeardown" time="0.0" classname="web.tests.admin.BaseTest">
    <ignored/>
  </testcase> <!-- @AfterSuite suiteTeardown -->
  <testcase name="@AfterSuite suiteTeardown" time="0.0" classname="web.tests.admin.BaseTest">
    <ignored/>
  </testcase> <!-- @AfterSuite suiteTeardown -->
  <testcase name="@AfterSuite suiteTeardown" time="0.0" classname="web.tests.admin.BaseTest">
    <ignored/>
  </testcase> <!-- @AfterSuite suiteTeardown -->
  <testcase name="@AfterSuite suiteTeardown" time="0.0" classname="web.tests.admin.BaseTest">
    <ignored/>
  </testcase> <!-- @AfterSuite suiteTeardown -->
  <testcase name="@AfterSuite suiteTeardown" time="0.0" classname="web.tests.admin.BaseTest">
    <ignored/>
  </testcase> <!-- @AfterSuite suiteTeardown -->
  <testcase name="@AfterSuite suiteTeardown" time="0.0" classname="web.tests.admin.BaseTest">
    <ignored/>
  </testcase> <!-- @AfterSuite suiteTeardown -->
  <testcase name="@AfterSuite suiteTeardown" time="0.0" classname="web.tests.admin.BaseTest">
    <ignored/>
  </testcase> <!-- @AfterSuite suiteTeardown -->
  <testcase name="@AfterSuite suiteTeardown" time="0.0" classname="web.tests.admin.BaseTest">
    <ignored/>
  </testcase> <!-- @AfterSuite suiteTeardown -->
  <testcase name="@AfterSuite suiteTeardown" time="0.0" classname="web.tests.admin.BaseTest">
    <ignored/>
  </testcase> <!-- @AfterSuite suiteTeardown -->
</testsuite> <!-- Admin Tests -->
