<?xml version="1.0" encoding="UTF-8"?>
<!-- Generated by org.testng.reporters.JUnitXMLReporter -->
<testsuite ignored="12" hostname="DESKTOP-LOH3IH4" failures="5" tests="76" name="Add Products" time="121.548" errors="0" timestamp="2023-11-21T17:48:55 IST">
  <testcase classname="api.admin.tests.ManageProductTests_Kg" name="addProduct_Kg" time="0.324"/>
  <testcase classname="api.admin.tests.ManageProductTests_Kg" name="getListOfProductaAndVerifyTheCreatedProduct" time="20.279"/>
  <testcase classname="api.admin.tests.ManageProductTests_Kg" name="DeactivateTheProduct" time="0.297"/>
  <testcase classname="api.admin.tests.ManageProductTests_Piece" name="addProduct_Peice" time="0.31"/>
  <testcase classname="api.admin.tests.ManageProductTests_Piece" name="getListOfProductaAndVerifyTheCreatedProduct" time="20.378"/>
  <testcase classname="api.admin.tests.ManageProductTests_Piece" name="DeactivateTheProduct" time="0.214"/>
  <testcase classname="api.admin.tests.ManageProductTests_Set" name="addProduct_Set" time="0.268"/>
  <testcase classname="api.admin.tests.ManageProductTests_Set" name="getListOfProductaAndVerifyTheCreatedProduct" time="20.348"/>
  <testcase classname="api.admin.tests.ManageProductTests_Set" name="DeactivateTheProduct" time="0.234"/>
  <testcase classname="api.admin.tests.ManageProductTests_Sqft" name="addProduct_Sqft" time="0.261"/>
  <testcase classname="api.admin.tests.ManageProductAllowedCashOfDeliveryTests" name="addProduct_CashOnDeliveryNotAllowed" time="0.305"/>
  <testcase classname="api.admin.tests.ManageProductFeaturedNotAllowedTests" name="addProduct_FeaturedNotAllowed" time="0.307"/>
  <testcase classname="api.admin.tests.ManageProductNewArrivalNotAllowedTests" name="addProduct_ArrivalNotAllowed" time="0.327"/>
  <testcase classname="api.admin.tests.ManageProductRequestPriceAllowedTests" name="addProduct_RequestForPriceTrue" time="0.222"/>
  <testcase classname="api.customer.tests.RequestForPriceTests" name="createRequestForPrice" time="1.649"/>
  <testcase classname="api.customer.tests.RequestForPriceTests" name="verifyRequestForPriceList_Admin" time="5.671"/>
  <testcase classname="api.customer.tests.RequestForPriceTests" name="viewRequestForPrice_Admin" time="1.819"/>
  <testcase classname="api.customer.tests.RequestForPriceTests" name="verifyCityRequestList_Admin" time="1.274"/>
  <testcase classname="api.customer.tests.RequestForPriceTests" name="resolveAndUnresolvedTheRequestPrice" time="1.738"/>
  <testcase classname="api.customer.tests.RequestForPriceTests" name="verifyRequestForPriceWithoutMobileNumber" time="0.129"/>
  <testcase classname="api.customer.tests.RequestForPriceTests" name="verifyRequestForPriceWithInvalidEmailId" time="0.153"/>
  <testcase classname="api.customer.tests.CartTests" name="verifyTheProductIsNotAddedInCartWityNegativeQuantity" time="0.143"/>
  <testcase classname="api.customer.tests.CartTests" name="verifyCreateCart" time="7.245">
    <failure type="java.lang.AssertionError" message="order Number is not found expected [true] but found [false]">
      <![CDATA[java.lang.AssertionError: order Number is not found expected [true] but found [false]
at api.customer.tests.CartTests.verifyCreateCart(CartTests.java:112)
at java.base/java.util.ArrayList.forEach(ArrayList.java:1511)
... Removed 30 stack frames]]>
    </failure>
  </testcase> <!-- verifyCreateCart -->
  <testcase classname="api.admin.tests.ManageOrderTests" name="AddNewOrder" time="0.242">
    <failure type="java.lang.AssertionError" message="response is not as expected expected [true] but found [false]">
      <![CDATA[java.lang.AssertionError: response is not as expected expected [true] but found [false]
at api.admin.tests.ManageOrderTests.AddNewOrder(ManageOrderTests.java:187)
at java.base/java.util.ArrayList.forEach(ArrayList.java:1511)
... Removed 31 stack frames]]>
    </failure>
  </testcase> <!-- AddNewOrder -->
  <testcase classname="api.admin.tests.ManageOrderTests" name="verifyStatusIsChanged" time="1.636"/>
  <testcase classname="api.admin.tests.ManageOrderTests" name="verifyGetOrderList" time="1.09"/>
  <testcase classname="api.admin.tests.ManageOrderTests" name="viewOrderList" time="2.529"/>
  <testcase classname="api.admin.tests.ManageOrderTests" name="EditOrderStatusAsReadyToDispatch" time="0.174"/>
  <testcase classname="api.admin.tests.ManageOrderTests" name="EditOrderStatusAsDispatched" time="0.17"/>
  <testcase classname="api.admin.tests.ManageOrderTests" name="EditOrderStatusAsDelivered" time="0.409"/>
  <testcase classname="api.admin.tests.ManageOrderTests" name="CancelTheOrder" time="0.38"/>
  <testcase classname="api.admin.tests.ManageOrderTests" name="EditTheStatusAsRefundInitiated" time="1.223"/>
  <testcase classname="api.admin.tests.ManageOrderTests" name="EditTheStatusAsRefunded" time="0.217"/>
  <testcase classname="api.admin.tests.ManageOrderTests" name="EditTheStatusAsCancelled" time="2.481"/>
  <testcase classname="api.admin.tests.ManageOrderTests" name="verifyOrderNumber" time="0.563">
    <failure type="java.lang.AssertionError" message="order Number is not found expected [true] but found [false]">
      <![CDATA[java.lang.AssertionError: order Number is not found expected [true] but found [false]
at api.admin.tests.ManageOrderTests.verifyOrderNumber(ManageOrderTests.java:428)
at java.base/java.util.ArrayList.forEach(ArrayList.java:1511)
... Removed 30 stack frames]]>
    </failure>
  </testcase> <!-- verifyOrderNumber -->
  <testcase classname="api.admin.tests.DeleteModuleTests" name="deleteTheFAQ" time="1.479"/>
  <testcase classname="api.admin.tests.DeleteModuleTests" name="deleteTheSinkMountType" time="0.406"/>
  <testcase classname="api.admin.tests.DeleteModuleTests" name="deleteTheSinkType" time="0.364"/>
  <testcase classname="api.admin.tests.DeleteModuleTests" name="deleteTheBrand" time="1.789"/>
  <testcase classname="api.admin.tests.DeleteModuleTests" name="deleteTheCountryOfManufacture" time="0.386"/>
  <testcase classname="api.admin.tests.DeleteModuleTests" name="deleteMaterialType" time="0.347">
    <failure type="java.lang.AssertionError" message="Material name is not found expected [false] but found [true]">
      <![CDATA[java.lang.AssertionError: Material name is not found expected [false] but found [true]
at api.admin.tests.DeleteModuleTests.deleteMaterialType(DeleteModuleTests.java:192)
at java.base/java.util.ArrayList.forEach(ArrayList.java:1511)
... Removed 30 stack frames]]>
    </failure>
  </testcase> <!-- deleteMaterialType -->
  <testcase classname="api.admin.tests.DeleteModuleTests" name="deleteActualSize" time="0.379">
    <failure type="java.lang.AssertionError" message="Actual Size name is not found expected [false] but found [true]">
      <![CDATA[java.lang.AssertionError: Actual Size name is not found expected [false] but found [true]
at api.admin.tests.DeleteModuleTests.deleteActualSize(DeleteModuleTests.java:211)
at java.base/java.util.ArrayList.forEach(ArrayList.java:1511)
... Removed 30 stack frames]]>
    </failure>
  </testcase> <!-- deleteActualSize -->
  <testcase classname="api.admin.tests.DeleteModuleTests" name="deleteColorCluster" time="0.434"/>
  <testcase classname="api.admin.tests.DeleteModuleTests" name="deleteQuality" time="0.397"/>
  <testcase classname="api.admin.tests.DeleteModuleTests" name="deleteFinishesSize" time="0.42"/>
  <testcase classname="api.admin.tests.DeleteModuleTests" name="deleteFilterSize" time="0.373"/>
  <testcase classname="api.admin.tests.DeleteModuleTests" name="deleteProductType" time="1.349"/>
  <testcase classname="api.admin.tests.DeleteModuleTests" name="deleteManageRequestForPrice" time="1.897"/>
  <testcase classname="api.admin.tests.DeleteModuleTests" name="deleteProductShape" time="0.341"/>
  <testcase classname="api.admin.tests.ManageDashboardTests" name="verifyCallBackRequestCountForFinancialYear" time="0.477"/>
  <testcase classname="api.admin.tests.ManageDashboardTests" name="verifyCallBackRequestCountForToday" time="0.345"/>
  <testcase classname="api.admin.tests.ManageDashboardTests" name="verifyCallBackRequestCountForYesterday" time="0.348"/>
  <testcase classname="api.admin.tests.ManageDashboardTests" name="verifyManageMakeToOrderRecordsForFinancialYear" time="0.342"/>
  <testcase classname="api.admin.tests.ManageDashboardTests" name="verifyManageMakeToOrderRecordsForToday" time="1.345"/>
  <testcase classname="api.admin.tests.ManageDashboardTests" name="verifyManageMakeToOrderRecordsForYesterday" time="0.308"/>
  <testcase classname="api.admin.tests.ManageDashboardTests" name="verifyManageMakeToOrderRecordsForThisWeek" time="0.387"/>
  <testcase classname="api.admin.tests.ManageDashboardTests" name="verifyManageMakeToOrderRecordsForThisMonth" time="0.328"/>
  <testcase classname="api.admin.tests.ManageDashboardTests" name="verifyManageMakeToOrderRecordsForLastMonth" time="0.303"/>
  <testcase classname="api.admin.tests.ManageDashboardTests" name="verifyCustomerCountForTodaysDate" time="0.318"/>
  <testcase classname="api.admin.tests.ManageDashboardTests" name="verifyCustomerCountForThisWeek" time="0.296"/>
  <testcase classname="api.admin.tests.ManageDashboardTests" name="verifyCustomerCountForThisMonthDate" time="0.283"/>
  <testcase classname="api.admin.tests.ManageDashboardTests" name="verifyCustomerCountForLastMonthDate" time="0.359"/>
  <testcase classname="api.admin.tests.ManageDashboardTests" name="verifyCustomerCountForYesterdaysDate" time="0.333"/>
  <testcase classname="api.admin.tests.ManageDashboardTests" name="verifyAllComplaintsCountForTodaysDate" time="0.405"/>
  <testcase classname="api.admin.tests.ManageDashboardTests" name="verifyAllComplaintsCountForYesterdaysDate" time="1.309"/>
  <testcase classname="api.admin.tests.ManageDashboardTests" name="verifyAllComplaintsCountForThisWeek" time="0.311"/>
  <testcase classname="api.admin.tests.ManageDashboardTests" name="verifyAllComplaintsCountForThisMonth" time="0.595"/>
  <testcase classname="api.admin.tests.ManageDashboardTests" name="verifyAllComplaintsCountForLastMonth" time="0.66"/>
  <testcase classname="api.admin.tests.ManageDashboardTests" name="verifyReturnRequestCountForToday" time="2.36"/>
  <testcase classname="api.admin.tests.ManageDashboardTests" name="verifyReturnRequestCountForYesterday" time="0.369"/>
  <testcase classname="api.admin.tests.ManageDashboardTests" name="verifyReturnRequestCountForThisWeek" time="0.366"/>
  <testcase classname="api.admin.tests.ManageDashboardTests" name="verifyReturnRequestCountForThisMonth" time="0.745"/>
  <testcase classname="api.admin.tests.ManageDashboardTests" name="verifyReturnRequestCountForLastMonth" time="0.676"/>
  <testcase classname="api.admin.tests.ManageDashboardTests" name="verifyTodaysRequestForPriceData" time="0.684"/>
  <testcase classname="api.admin.tests.ManageDashboardTests" name="verifyThisWeekRequestForPriceData" time="0.505"/>
  <testcase classname="api.admin.tests.ManageDashboardTests" name="verifyThisMonthRequestForPriceData" time="0.559"/>
  <testcase classname="api.common.BaseTest.BaseTest" name="@BeforeSuite globalSetup" time="0.0">
    <ignored/>
  </testcase> <!-- @BeforeSuite globalSetup -->
  <testcase classname="api.common.BaseTest.BaseTest" name="@BeforeSuite globalSetup" time="0.0">
    <ignored/>
  </testcase> <!-- @BeforeSuite globalSetup -->
  <testcase classname="api.common.BaseTest.BaseTest" name="@BeforeSuite globalSetup" time="0.0">
    <ignored/>
  </testcase> <!-- @BeforeSuite globalSetup -->
  <testcase classname="api.common.BaseTest.BaseTest" name="@BeforeSuite globalSetup" time="0.0">
    <ignored/>
  </testcase> <!-- @BeforeSuite globalSetup -->
  <testcase classname="api.common.BaseTest.BaseTest" name="@BeforeSuite globalSetup" time="0.0">
    <ignored/>
  </testcase> <!-- @BeforeSuite globalSetup -->
  <testcase classname="api.common.BaseTest.BaseTest" name="@BeforeSuite globalSetup" time="0.0">
    <ignored/>
  </testcase> <!-- @BeforeSuite globalSetup -->
  <testcase classname="api.common.BaseTest.BaseTest" name="@BeforeSuite globalSetup" time="0.0">
    <ignored/>
  </testcase> <!-- @BeforeSuite globalSetup -->
  <testcase classname="api.common.BaseTest.BaseTest" name="@BeforeSuite globalSetup" time="0.0">
    <ignored/>
  </testcase> <!-- @BeforeSuite globalSetup -->
  <testcase classname="api.common.BaseTest.BaseTest" name="@BeforeSuite globalSetup" time="0.0">
    <ignored/>
  </testcase> <!-- @BeforeSuite globalSetup -->
  <testcase classname="api.common.BaseTest.BaseTest" name="@BeforeSuite globalSetup" time="0.0">
    <ignored/>
  </testcase> <!-- @BeforeSuite globalSetup -->
  <testcase classname="api.common.BaseTest.BaseTest" name="@BeforeSuite globalSetup" time="0.0">
    <ignored/>
  </testcase> <!-- @BeforeSuite globalSetup -->
  <testcase classname="api.common.BaseTest.BaseTest" name="@BeforeSuite globalSetup" time="0.0">
    <ignored/>
  </testcase> <!-- @BeforeSuite globalSetup -->
</testsuite> <!-- Add Products -->
