<html>
<head>
<title>TestNG:  Add Products</title>
<link href="../testng.css" rel="stylesheet" type="text/css" />
<link href="../my-testng.css" rel="stylesheet" type="text/css" />

<style type="text/css">
.log { display: none;} 
.stack-trace { display: none;} 
</style>
<script type="text/javascript">
<!--
function flip(e) {
  current = e.style.display;
  if (current == 'block') {
    e.style.display = 'none';
    return 0;
  }
  else {
    e.style.display = 'block';
    return 1;
  }
}

function toggleBox(szDivId, elem, msg1, msg2)
{
  var res = -1;  if (document.getElementById) {
    res = flip(document.getElementById(szDivId));
  }
  else if (document.all) {
    // this is the way old msie versions work
    res = flip(document.all[szDivId]);
  }
  if(elem) {
    if(res == 0) elem.innerHTML = msg1; else elem.innerHTML = msg2;
  }

}

function toggleAllBoxes() {
  if (document.getElementsByTagName) {
    d = document.getElementsByTagName('div');
    for (i = 0; i < d.length; i++) {
      if (d[i].className == 'log') {
        flip(d[i]);
      }
    }
  }
}

// -->
</script>

</head>
<body>
<h2 align='center'>Add Products</h2><table border='1' align="center">
<tr>
<td>Tests passed/Failed/Skipped:</td><td>71/5/0</td>
</tr><tr>
<td>Started on:</td><td>Tue Nov 21 17:46:53 IST 2023</td>
</tr>
<tr><td>Total time:</td><td>121 seconds (121548 ms)</td>
</tr><tr>
<td>Included groups:</td><td></td>
</tr><tr>
<td>Excluded groups:</td><td></td>
</tr>
</table><p/>
<small><i>(Hover the method name to see the test class name)</i></small><p/>
<table width='100%' border='1' class='invocation-failed'>
<tr><td colspan='4' align='center'><b>FAILED TESTS</b></td></tr>
<tr><td><b>Test method</b></td>
<td width="30%"><b>Exception</b></td>
<td width="10%"><b>Time (seconds)</b></td>
<td><b>Instance</b></td>
</tr>
<tr>
<td title='api.admin.tests.ManageOrderTests.verifyOrderNumber()'><b>verifyOrderNumber</b><br>Test class: api.admin.tests.ManageOrderTests</td>
<td><div><pre>java.lang.AssertionError: order Number is not found expected [true] but found [false]
	at api.admin.tests.ManageOrderTests.verifyOrderNumber(ManageOrderTests.java:428)
	at java.base/java.util.ArrayList.forEach(ArrayList.java:1511)
... Removed 30 stack frames</pre></div><a href='#' onClick='toggleBox("stack-trace985323561", this, "Click to show all stack frames", "Click to hide stack frames")'>Click to show all stack frames</a>
<div class='stack-trace' id='stack-trace985323561'><pre>java.lang.AssertionError: order Number is not found expected [true] but found [false]
	at org.testng.Assert.fail(Assert.java:99)
	at org.testng.Assert.failNotEquals(Assert.java:1037)
	at org.testng.Assert.assertTrue(Assert.java:45)
	at api.admin.tests.ManageOrderTests.verifyOrderNumber(ManageOrderTests.java:428)
	at java.base/jdk.internal.reflect.NativeMethodAccessorImpl.invoke0(Native Method)
	at java.base/jdk.internal.reflect.NativeMethodAccessorImpl.invoke(NativeMethodAccessorImpl.java:64)
	at java.base/jdk.internal.reflect.DelegatingMethodAccessorImpl.invoke(DelegatingMethodAccessorImpl.java:43)
	at java.base/java.lang.reflect.Method.invoke(Method.java:564)
	at org.testng.internal.MethodInvocationHelper.invokeMethod(MethodInvocationHelper.java:133)
	at org.testng.internal.TestInvoker.invokeMethod(TestInvoker.java:598)
	at org.testng.internal.TestInvoker.invokeTestMethod(TestInvoker.java:173)
	at org.testng.internal.MethodRunner.runInSequence(MethodRunner.java:46)
	at org.testng.internal.TestInvoker$MethodInvocationAgent.invoke(TestInvoker.java:824)
	at org.testng.internal.TestInvoker.invokeTestMethods(TestInvoker.java:146)
	at org.testng.internal.TestMethodWorker.invokeTestMethods(TestMethodWorker.java:146)
	at org.testng.internal.TestMethodWorker.run(TestMethodWorker.java:128)
	at java.base/java.util.ArrayList.forEach(ArrayList.java:1511)
	at org.testng.TestRunner.privateRun(TestRunner.java:794)
	at org.testng.TestRunner.run(TestRunner.java:596)
	at org.testng.SuiteRunner.runTest(SuiteRunner.java:377)
	at org.testng.SuiteRunner.runSequentially(SuiteRunner.java:371)
	at org.testng.SuiteRunner.privateRun(SuiteRunner.java:332)
	at org.testng.SuiteRunner.run(SuiteRunner.java:276)
	at org.testng.SuiteRunnerWorker.runSuite(SuiteRunnerWorker.java:53)
	at org.testng.SuiteRunnerWorker.run(SuiteRunnerWorker.java:96)
	at org.testng.TestNG.runSuitesSequentially(TestNG.java:1212)
	at org.testng.TestNG.runSuitesLocally(TestNG.java:1134)
	at org.testng.TestNG.runSuites(TestNG.java:1063)
	at org.testng.TestNG.run(TestNG.java:1031)
	at org.testng.remote.AbstractRemoteTestNG.run(AbstractRemoteTestNG.java:115)
	at org.testng.remote.RemoteTestNG.initAndRun(RemoteTestNG.java:251)
	at org.testng.remote.RemoteTestNG.main(RemoteTestNG.java:77)
</pre></div></td>
<td>0</td>
<td>api.admin.tests.ManageOrderTests@4f4c4b1a</td></tr>
<tr>
<td title='api.admin.tests.DeleteModuleTests.deleteActualSize()'><b>deleteActualSize</b><br>Test class: api.admin.tests.DeleteModuleTests</td>
<td><div><pre>java.lang.AssertionError: Actual Size name is not found expected [false] but found [true]
	at api.admin.tests.DeleteModuleTests.deleteActualSize(DeleteModuleTests.java:211)
	at java.base/java.util.ArrayList.forEach(ArrayList.java:1511)
... Removed 30 stack frames</pre></div><a href='#' onClick='toggleBox("stack-trace1895872292", this, "Click to show all stack frames", "Click to hide stack frames")'>Click to show all stack frames</a>
<div class='stack-trace' id='stack-trace1895872292'><pre>java.lang.AssertionError: Actual Size name is not found expected [false] but found [true]
	at org.testng.Assert.fail(Assert.java:99)
	at org.testng.Assert.failNotEquals(Assert.java:1037)
	at org.testng.Assert.assertFalse(Assert.java:67)
	at api.admin.tests.DeleteModuleTests.deleteActualSize(DeleteModuleTests.java:211)
	at java.base/jdk.internal.reflect.NativeMethodAccessorImpl.invoke0(Native Method)
	at java.base/jdk.internal.reflect.NativeMethodAccessorImpl.invoke(NativeMethodAccessorImpl.java:64)
	at java.base/jdk.internal.reflect.DelegatingMethodAccessorImpl.invoke(DelegatingMethodAccessorImpl.java:43)
	at java.base/java.lang.reflect.Method.invoke(Method.java:564)
	at org.testng.internal.MethodInvocationHelper.invokeMethod(MethodInvocationHelper.java:133)
	at org.testng.internal.TestInvoker.invokeMethod(TestInvoker.java:598)
	at org.testng.internal.TestInvoker.invokeTestMethod(TestInvoker.java:173)
	at org.testng.internal.MethodRunner.runInSequence(MethodRunner.java:46)
	at org.testng.internal.TestInvoker$MethodInvocationAgent.invoke(TestInvoker.java:824)
	at org.testng.internal.TestInvoker.invokeTestMethods(TestInvoker.java:146)
	at org.testng.internal.TestMethodWorker.invokeTestMethods(TestMethodWorker.java:146)
	at org.testng.internal.TestMethodWorker.run(TestMethodWorker.java:128)
	at java.base/java.util.ArrayList.forEach(ArrayList.java:1511)
	at org.testng.TestRunner.privateRun(TestRunner.java:794)
	at org.testng.TestRunner.run(TestRunner.java:596)
	at org.testng.SuiteRunner.runTest(SuiteRunner.java:377)
	at org.testng.SuiteRunner.runSequentially(SuiteRunner.java:371)
	at org.testng.SuiteRunner.privateRun(SuiteRunner.java:332)
	at org.testng.SuiteRunner.run(SuiteRunner.java:276)
	at org.testng.SuiteRunnerWorker.runSuite(SuiteRunnerWorker.java:53)
	at org.testng.SuiteRunnerWorker.run(SuiteRunnerWorker.java:96)
	at org.testng.TestNG.runSuitesSequentially(TestNG.java:1212)
	at org.testng.TestNG.runSuitesLocally(TestNG.java:1134)
	at org.testng.TestNG.runSuites(TestNG.java:1063)
	at org.testng.TestNG.run(TestNG.java:1031)
	at org.testng.remote.AbstractRemoteTestNG.run(AbstractRemoteTestNG.java:115)
	at org.testng.remote.RemoteTestNG.initAndRun(RemoteTestNG.java:251)
	at org.testng.remote.RemoteTestNG.main(RemoteTestNG.java:77)
</pre></div></td>
<td>0</td>
<td>api.admin.tests.DeleteModuleTests@723e88f9</td></tr>
<tr>
<td title='api.admin.tests.ManageOrderTests.AddNewOrder()'><b>AddNewOrder</b><br>Test class: api.admin.tests.ManageOrderTests</td>
<td><div><pre>java.lang.AssertionError: response is not as expected expected [true] but found [false]
	at api.admin.tests.ManageOrderTests.AddNewOrder(ManageOrderTests.java:187)
	at java.base/java.util.ArrayList.forEach(ArrayList.java:1511)
... Removed 31 stack frames</pre></div><a href='#' onClick='toggleBox("stack-trace1893537851", this, "Click to show all stack frames", "Click to hide stack frames")'>Click to show all stack frames</a>
<div class='stack-trace' id='stack-trace1893537851'><pre>java.lang.AssertionError: response is not as expected expected [true] but found [false]
	at org.testng.Assert.fail(Assert.java:99)
	at org.testng.Assert.failNotEquals(Assert.java:1037)
	at org.testng.Assert.assertEqualsImpl(Assert.java:140)
	at org.testng.Assert.assertEquals(Assert.java:122)
	at api.admin.tests.ManageOrderTests.AddNewOrder(ManageOrderTests.java:187)
	at java.base/jdk.internal.reflect.NativeMethodAccessorImpl.invoke0(Native Method)
	at java.base/jdk.internal.reflect.NativeMethodAccessorImpl.invoke(NativeMethodAccessorImpl.java:64)
	at java.base/jdk.internal.reflect.DelegatingMethodAccessorImpl.invoke(DelegatingMethodAccessorImpl.java:43)
	at java.base/java.lang.reflect.Method.invoke(Method.java:564)
	at org.testng.internal.MethodInvocationHelper.invokeMethod(MethodInvocationHelper.java:133)
	at org.testng.internal.TestInvoker.invokeMethod(TestInvoker.java:598)
	at org.testng.internal.TestInvoker.invokeTestMethod(TestInvoker.java:173)
	at org.testng.internal.MethodRunner.runInSequence(MethodRunner.java:46)
	at org.testng.internal.TestInvoker$MethodInvocationAgent.invoke(TestInvoker.java:824)
	at org.testng.internal.TestInvoker.invokeTestMethods(TestInvoker.java:146)
	at org.testng.internal.TestMethodWorker.invokeTestMethods(TestMethodWorker.java:146)
	at org.testng.internal.TestMethodWorker.run(TestMethodWorker.java:128)
	at java.base/java.util.ArrayList.forEach(ArrayList.java:1511)
	at org.testng.TestRunner.privateRun(TestRunner.java:794)
	at org.testng.TestRunner.run(TestRunner.java:596)
	at org.testng.SuiteRunner.runTest(SuiteRunner.java:377)
	at org.testng.SuiteRunner.runSequentially(SuiteRunner.java:371)
	at org.testng.SuiteRunner.privateRun(SuiteRunner.java:332)
	at org.testng.SuiteRunner.run(SuiteRunner.java:276)
	at org.testng.SuiteRunnerWorker.runSuite(SuiteRunnerWorker.java:53)
	at org.testng.SuiteRunnerWorker.run(SuiteRunnerWorker.java:96)
	at org.testng.TestNG.runSuitesSequentially(TestNG.java:1212)
	at org.testng.TestNG.runSuitesLocally(TestNG.java:1134)
	at org.testng.TestNG.runSuites(TestNG.java:1063)
	at org.testng.TestNG.run(TestNG.java:1031)
	at org.testng.remote.AbstractRemoteTestNG.run(AbstractRemoteTestNG.java:115)
	at org.testng.remote.RemoteTestNG.initAndRun(RemoteTestNG.java:251)
	at org.testng.remote.RemoteTestNG.main(RemoteTestNG.java:77)
</pre></div></td>
<td>0</td>
<td>api.admin.tests.ManageOrderTests@4f4c4b1a</td></tr>
<tr>
<td title='api.customer.tests.CartTests.verifyCreateCart()'><b>verifyCreateCart</b><br>Test class: api.customer.tests.CartTests</td>
<td><div><pre>java.lang.AssertionError: order Number is not found expected [true] but found [false]
	at api.customer.tests.CartTests.verifyCreateCart(CartTests.java:112)
	at java.base/java.util.ArrayList.forEach(ArrayList.java:1511)
... Removed 30 stack frames</pre></div><a href='#' onClick='toggleBox("stack-trace1970900309", this, "Click to show all stack frames", "Click to hide stack frames")'>Click to show all stack frames</a>
<div class='stack-trace' id='stack-trace1970900309'><pre>java.lang.AssertionError: order Number is not found expected [true] but found [false]
	at org.testng.Assert.fail(Assert.java:99)
	at org.testng.Assert.failNotEquals(Assert.java:1037)
	at org.testng.Assert.assertTrue(Assert.java:45)
	at api.customer.tests.CartTests.verifyCreateCart(CartTests.java:112)
	at java.base/jdk.internal.reflect.NativeMethodAccessorImpl.invoke0(Native Method)
	at java.base/jdk.internal.reflect.NativeMethodAccessorImpl.invoke(NativeMethodAccessorImpl.java:64)
	at java.base/jdk.internal.reflect.DelegatingMethodAccessorImpl.invoke(DelegatingMethodAccessorImpl.java:43)
	at java.base/java.lang.reflect.Method.invoke(Method.java:564)
	at org.testng.internal.MethodInvocationHelper.invokeMethod(MethodInvocationHelper.java:133)
	at org.testng.internal.TestInvoker.invokeMethod(TestInvoker.java:598)
	at org.testng.internal.TestInvoker.invokeTestMethod(TestInvoker.java:173)
	at org.testng.internal.MethodRunner.runInSequence(MethodRunner.java:46)
	at org.testng.internal.TestInvoker$MethodInvocationAgent.invoke(TestInvoker.java:824)
	at org.testng.internal.TestInvoker.invokeTestMethods(TestInvoker.java:146)
	at org.testng.internal.TestMethodWorker.invokeTestMethods(TestMethodWorker.java:146)
	at org.testng.internal.TestMethodWorker.run(TestMethodWorker.java:128)
	at java.base/java.util.ArrayList.forEach(ArrayList.java:1511)
	at org.testng.TestRunner.privateRun(TestRunner.java:794)
	at org.testng.TestRunner.run(TestRunner.java:596)
	at org.testng.SuiteRunner.runTest(SuiteRunner.java:377)
	at org.testng.SuiteRunner.runSequentially(SuiteRunner.java:371)
	at org.testng.SuiteRunner.privateRun(SuiteRunner.java:332)
	at org.testng.SuiteRunner.run(SuiteRunner.java:276)
	at org.testng.SuiteRunnerWorker.runSuite(SuiteRunnerWorker.java:53)
	at org.testng.SuiteRunnerWorker.run(SuiteRunnerWorker.java:96)
	at org.testng.TestNG.runSuitesSequentially(TestNG.java:1212)
	at org.testng.TestNG.runSuitesLocally(TestNG.java:1134)
	at org.testng.TestNG.runSuites(TestNG.java:1063)
	at org.testng.TestNG.run(TestNG.java:1031)
	at org.testng.remote.AbstractRemoteTestNG.run(AbstractRemoteTestNG.java:115)
	at org.testng.remote.RemoteTestNG.initAndRun(RemoteTestNG.java:251)
	at org.testng.remote.RemoteTestNG.main(RemoteTestNG.java:77)
</pre></div></td>
<td>7</td>
<td>api.customer.tests.CartTests@2cb2fc20</td></tr>
<tr>
<td title='api.admin.tests.DeleteModuleTests.deleteMaterialType()'><b>deleteMaterialType</b><br>Test class: api.admin.tests.DeleteModuleTests</td>
<td><div><pre>java.lang.AssertionError: Material name is not found expected [false] but found [true]
	at api.admin.tests.DeleteModuleTests.deleteMaterialType(DeleteModuleTests.java:192)
	at java.base/java.util.ArrayList.forEach(ArrayList.java:1511)
... Removed 30 stack frames</pre></div><a href='#' onClick='toggleBox("stack-trace776846544", this, "Click to show all stack frames", "Click to hide stack frames")'>Click to show all stack frames</a>
<div class='stack-trace' id='stack-trace776846544'><pre>java.lang.AssertionError: Material name is not found expected [false] but found [true]
	at org.testng.Assert.fail(Assert.java:99)
	at org.testng.Assert.failNotEquals(Assert.java:1037)
	at org.testng.Assert.assertFalse(Assert.java:67)
	at api.admin.tests.DeleteModuleTests.deleteMaterialType(DeleteModuleTests.java:192)
	at java.base/jdk.internal.reflect.NativeMethodAccessorImpl.invoke0(Native Method)
	at java.base/jdk.internal.reflect.NativeMethodAccessorImpl.invoke(NativeMethodAccessorImpl.java:64)
	at java.base/jdk.internal.reflect.DelegatingMethodAccessorImpl.invoke(DelegatingMethodAccessorImpl.java:43)
	at java.base/java.lang.reflect.Method.invoke(Method.java:564)
	at org.testng.internal.MethodInvocationHelper.invokeMethod(MethodInvocationHelper.java:133)
	at org.testng.internal.TestInvoker.invokeMethod(TestInvoker.java:598)
	at org.testng.internal.TestInvoker.invokeTestMethod(TestInvoker.java:173)
	at org.testng.internal.MethodRunner.runInSequence(MethodRunner.java:46)
	at org.testng.internal.TestInvoker$MethodInvocationAgent.invoke(TestInvoker.java:824)
	at org.testng.internal.TestInvoker.invokeTestMethods(TestInvoker.java:146)
	at org.testng.internal.TestMethodWorker.invokeTestMethods(TestMethodWorker.java:146)
	at org.testng.internal.TestMethodWorker.run(TestMethodWorker.java:128)
	at java.base/java.util.ArrayList.forEach(ArrayList.java:1511)
	at org.testng.TestRunner.privateRun(TestRunner.java:794)
	at org.testng.TestRunner.run(TestRunner.java:596)
	at org.testng.SuiteRunner.runTest(SuiteRunner.java:377)
	at org.testng.SuiteRunner.runSequentially(SuiteRunner.java:371)
	at org.testng.SuiteRunner.privateRun(SuiteRunner.java:332)
	at org.testng.SuiteRunner.run(SuiteRunner.java:276)
	at org.testng.SuiteRunnerWorker.runSuite(SuiteRunnerWorker.java:53)
	at org.testng.SuiteRunnerWorker.run(SuiteRunnerWorker.java:96)
	at org.testng.TestNG.runSuitesSequentially(TestNG.java:1212)
	at org.testng.TestNG.runSuitesLocally(TestNG.java:1134)
	at org.testng.TestNG.runSuites(TestNG.java:1063)
	at org.testng.TestNG.run(TestNG.java:1031)
	at org.testng.remote.AbstractRemoteTestNG.run(AbstractRemoteTestNG.java:115)
	at org.testng.remote.RemoteTestNG.initAndRun(RemoteTestNG.java:251)
	at org.testng.remote.RemoteTestNG.main(RemoteTestNG.java:77)
</pre></div></td>
<td>0</td>
<td>api.admin.tests.DeleteModuleTests@723e88f9</td></tr>
</table><p>
<table width='100%' border='1' class='invocation-passed'>
<tr><td colspan='4' align='center'><b>PASSED TESTS</b></td></tr>
<tr><td><b>Test method</b></td>
<td width="30%"><b>Exception</b></td>
<td width="10%"><b>Time (seconds)</b></td>
<td><b>Instance</b></td>
</tr>
<tr>
<td title='api.admin.tests.ManageOrderTests.CancelTheOrder()'><b>CancelTheOrder</b><br>Test class: api.admin.tests.ManageOrderTests</td>
<td></td>
<td>0</td>
<td>api.admin.tests.ManageOrderTests@4f4c4b1a</td></tr>
<tr>
<td title='api.admin.tests.DeleteModuleTests.deleteFilterSize()'><b>deleteFilterSize</b><br>Test class: api.admin.tests.DeleteModuleTests</td>
<td></td>
<td>0</td>
<td>api.admin.tests.DeleteModuleTests@723e88f9</td></tr>
<tr>
<td title='api.admin.tests.ManageProductTests_Kg.DeactivateTheProduct()'><b>DeactivateTheProduct</b><br>Test class: api.admin.tests.ManageProductTests_Kg</td>
<td></td>
<td>0</td>
<td>api.admin.tests.ManageProductTests_Kg@1df8b5b8</td></tr>
<tr>
<td title='api.customer.tests.RequestForPriceTests.verifyRequestForPriceWithoutMobileNumber()'><b>verifyRequestForPriceWithoutMobileNumber</b><br>Test class: api.customer.tests.RequestForPriceTests</td>
<td></td>
<td>0</td>
<td>api.customer.tests.RequestForPriceTests@3fa247d1</td></tr>
<tr>
<td title='api.admin.tests.ManageDashboardTests.verifyCallBackRequestCountForYesterday()'><b>verifyCallBackRequestCountForYesterday</b><br>Test class: api.admin.tests.ManageDashboardTests</td>
<td></td>
<td>0</td>
<td>api.admin.tests.ManageDashboardTests@5f0fd5a0</td></tr>
<tr>
<td title='api.admin.tests.ManageDashboardTests.verifyCustomerCountForLastMonthDate()'><b>verifyCustomerCountForLastMonthDate</b><br>Test class: api.admin.tests.ManageDashboardTests</td>
<td></td>
<td>0</td>
<td>api.admin.tests.ManageDashboardTests@5f0fd5a0</td></tr>
<tr>
<td title='api.admin.tests.ManageDashboardTests.verifyAllComplaintsCountForYesterdaysDate()'><b>verifyAllComplaintsCountForYesterdaysDate</b><br>Test class: api.admin.tests.ManageDashboardTests</td>
<td></td>
<td>1</td>
<td>api.admin.tests.ManageDashboardTests@5f0fd5a0</td></tr>
<tr>
<td title='api.customer.tests.RequestForPriceTests.verifyCityRequestList_Admin()'><b>verifyCityRequestList_Admin</b><br>Test class: api.customer.tests.RequestForPriceTests</td>
<td></td>
<td>1</td>
<td>api.customer.tests.RequestForPriceTests@3fa247d1</td></tr>
<tr>
<td title='api.admin.tests.ManageDashboardTests.verifyCallBackRequestCountForToday()'><b>verifyCallBackRequestCountForToday</b><br>Test class: api.admin.tests.ManageDashboardTests</td>
<td></td>
<td>0</td>
<td>api.admin.tests.ManageDashboardTests@5f0fd5a0</td></tr>
<tr>
<td title='api.admin.tests.ManageDashboardTests.verifyThisWeekRequestForPriceData()'><b>verifyThisWeekRequestForPriceData</b><br>Test class: api.admin.tests.ManageDashboardTests</td>
<td></td>
<td>0</td>
<td>api.admin.tests.ManageDashboardTests@5f0fd5a0</td></tr>
<tr>
<td title='api.admin.tests.ManageOrderTests.EditTheStatusAsRefundInitiated()'><b>EditTheStatusAsRefundInitiated</b><br>Test class: api.admin.tests.ManageOrderTests</td>
<td></td>
<td>1</td>
<td>api.admin.tests.ManageOrderTests@4f4c4b1a</td></tr>
<tr>
<td title='api.admin.tests.ManageProductRequestPriceAllowedTests.addProduct_RequestForPriceTrue()'><b>addProduct_RequestForPriceTrue</b><br>Test class: api.admin.tests.ManageProductRequestPriceAllowedTests</td>
<td></td>
<td>0</td>
<td>api.admin.tests.ManageProductRequestPriceAllowedTests@2a7ed1f</td></tr>
<tr>
<td title='api.admin.tests.ManageOrderTests.EditOrderStatusAsReadyToDispatch()'><b>EditOrderStatusAsReadyToDispatch</b><br>Test class: api.admin.tests.ManageOrderTests</td>
<td></td>
<td>0</td>
<td>api.admin.tests.ManageOrderTests@4f4c4b1a</td></tr>
<tr>
<td title='api.admin.tests.DeleteModuleTests.deleteTheSinkType()'><b>deleteTheSinkType</b><br>Test class: api.admin.tests.DeleteModuleTests</td>
<td></td>
<td>0</td>
<td>api.admin.tests.DeleteModuleTests@723e88f9</td></tr>
<tr>
<td title='api.admin.tests.DeleteModuleTests.deleteProductShape()'><b>deleteProductShape</b><br>Test class: api.admin.tests.DeleteModuleTests</td>
<td></td>
<td>0</td>
<td>api.admin.tests.DeleteModuleTests@723e88f9</td></tr>
<tr>
<td title='api.admin.tests.ManageOrderTests.EditTheStatusAsRefunded()'><b>EditTheStatusAsRefunded</b><br>Test class: api.admin.tests.ManageOrderTests</td>
<td></td>
<td>0</td>
<td>api.admin.tests.ManageOrderTests@4f4c4b1a</td></tr>
<tr>
<td title='api.admin.tests.ManageDashboardTests.verifyCallBackRequestCountForFinancialYear()'><b>verifyCallBackRequestCountForFinancialYear</b><br>Test class: api.admin.tests.ManageDashboardTests</td>
<td></td>
<td>0</td>
<td>api.admin.tests.ManageDashboardTests@5f0fd5a0</td></tr>
<tr>
<td title='api.customer.tests.RequestForPriceTests.verifyRequestForPriceList_Admin()'><b>verifyRequestForPriceList_Admin</b><br>Test class: api.customer.tests.RequestForPriceTests</td>
<td></td>
<td>5</td>
<td>api.customer.tests.RequestForPriceTests@3fa247d1</td></tr>
<tr>
<td title='api.admin.tests.ManageProductTests_Sqft.addProduct_Sqft()'><b>addProduct_Sqft</b><br>Test class: api.admin.tests.ManageProductTests_Sqft</td>
<td></td>
<td>0</td>
<td>api.admin.tests.ManageProductTests_Sqft@4d6025c5</td></tr>
<tr>
<td title='api.admin.tests.ManageProductTests_Set.getListOfProductaAndVerifyTheCreatedProduct()'><b>getListOfProductaAndVerifyTheCreatedProduct</b><br>Test class: api.admin.tests.ManageProductTests_Set</td>
<td></td>
<td>20</td>
<td>api.admin.tests.ManageProductTests_Set@7b993c65</td></tr>
<tr>
<td title='api.admin.tests.ManageProductTests_Set.DeactivateTheProduct()'><b>DeactivateTheProduct</b><br>Test class: api.admin.tests.ManageProductTests_Set</td>
<td></td>
<td>0</td>
<td>api.admin.tests.ManageProductTests_Set@7b993c65</td></tr>
<tr>
<td title='api.admin.tests.ManageDashboardTests.verifyCustomerCountForYesterdaysDate()'><b>verifyCustomerCountForYesterdaysDate</b><br>Test class: api.admin.tests.ManageDashboardTests</td>
<td></td>
<td>0</td>
<td>api.admin.tests.ManageDashboardTests@5f0fd5a0</td></tr>
<tr>
<td title='api.admin.tests.ManageProductAllowedCashOfDeliveryTests.addProduct_CashOnDeliveryNotAllowed()'><b>addProduct_CashOnDeliveryNotAllowed</b><br>Test class: api.admin.tests.ManageProductAllowedCashOfDeliveryTests</td>
<td></td>
<td>0</td>
<td>api.admin.tests.ManageProductAllowedCashOfDeliveryTests@7f284218</td></tr>
<tr>
<td title='api.admin.tests.ManageOrderTests.EditOrderStatusAsDispatched()'><b>EditOrderStatusAsDispatched</b><br>Test class: api.admin.tests.ManageOrderTests</td>
<td></td>
<td>0</td>
<td>api.admin.tests.ManageOrderTests@4f4c4b1a</td></tr>
<tr>
<td title='api.admin.tests.ManageDashboardTests.verifyAllComplaintsCountForLastMonth()'><b>verifyAllComplaintsCountForLastMonth</b><br>Test class: api.admin.tests.ManageDashboardTests</td>
<td></td>
<td>0</td>
<td>api.admin.tests.ManageDashboardTests@5f0fd5a0</td></tr>
<tr>
<td title='api.admin.tests.ManageDashboardTests.verifyManageMakeToOrderRecordsForToday()'><b>verifyManageMakeToOrderRecordsForToday</b><br>Test class: api.admin.tests.ManageDashboardTests</td>
<td></td>
<td>1</td>
<td>api.admin.tests.ManageDashboardTests@5f0fd5a0</td></tr>
<tr>
<td title='api.admin.tests.ManageProductTests_Piece.DeactivateTheProduct()'><b>DeactivateTheProduct</b><br>Test class: api.admin.tests.ManageProductTests_Piece</td>
<td></td>
<td>0</td>
<td>api.admin.tests.ManageProductTests_Piece@23202fce</td></tr>
<tr>
<td title='api.admin.tests.ManageDashboardTests.verifyReturnRequestCountForToday()'><b>verifyReturnRequestCountForToday</b><br>Test class: api.admin.tests.ManageDashboardTests</td>
<td></td>
<td>2</td>
<td>api.admin.tests.ManageDashboardTests@5f0fd5a0</td></tr>
<tr>
<td title='api.admin.tests.ManageDashboardTests.verifyReturnRequestCountForLastMonth()'><b>verifyReturnRequestCountForLastMonth</b><br>Test class: api.admin.tests.ManageDashboardTests</td>
<td></td>
<td>0</td>
<td>api.admin.tests.ManageDashboardTests@5f0fd5a0</td></tr>
<tr>
<td title='api.admin.tests.ManageOrderTests.viewOrderList()'><b>viewOrderList</b><br>Test class: api.admin.tests.ManageOrderTests</td>
<td></td>
<td>2</td>
<td>api.admin.tests.ManageOrderTests@4f4c4b1a</td></tr>
<tr>
<td title='api.admin.tests.ManageProductTests_Piece.addProduct_Peice()'><b>addProduct_Peice</b><br>Test class: api.admin.tests.ManageProductTests_Piece</td>
<td></td>
<td>0</td>
<td>api.admin.tests.ManageProductTests_Piece@23202fce</td></tr>
<tr>
<td title='api.admin.tests.DeleteModuleTests.deleteManageRequestForPrice()'><b>deleteManageRequestForPrice</b><br>Test class: api.admin.tests.DeleteModuleTests</td>
<td></td>
<td>1</td>
<td>api.admin.tests.DeleteModuleTests@723e88f9</td></tr>
<tr>
<td title='api.admin.tests.ManageDashboardTests.verifyAllComplaintsCountForTodaysDate()'><b>verifyAllComplaintsCountForTodaysDate</b><br>Test class: api.admin.tests.ManageDashboardTests</td>
<td></td>
<td>0</td>
<td>api.admin.tests.ManageDashboardTests@5f0fd5a0</td></tr>
<tr>
<td title='api.admin.tests.ManageDashboardTests.verifyManageMakeToOrderRecordsForYesterday()'><b>verifyManageMakeToOrderRecordsForYesterday</b><br>Test class: api.admin.tests.ManageDashboardTests</td>
<td></td>
<td>0</td>
<td>api.admin.tests.ManageDashboardTests@5f0fd5a0</td></tr>
<tr>
<td title='api.admin.tests.ManageProductTests_Kg.addProduct_Kg()'><b>addProduct_Kg</b><br>Test class: api.admin.tests.ManageProductTests_Kg</td>
<td></td>
<td>0</td>
<td>api.admin.tests.ManageProductTests_Kg@1df8b5b8</td></tr>
<tr>
<td title='api.admin.tests.DeleteModuleTests.deleteTheSinkMountType()'><b>deleteTheSinkMountType</b><br>Test class: api.admin.tests.DeleteModuleTests</td>
<td></td>
<td>0</td>
<td>api.admin.tests.DeleteModuleTests@723e88f9</td></tr>
<tr>
<td title='api.admin.tests.ManageDashboardTests.verifyManageMakeToOrderRecordsForThisWeek()'><b>verifyManageMakeToOrderRecordsForThisWeek</b><br>Test class: api.admin.tests.ManageDashboardTests</td>
<td></td>
<td>0</td>
<td>api.admin.tests.ManageDashboardTests@5f0fd5a0</td></tr>
<tr>
<td title='api.admin.tests.ManageDashboardTests.verifyManageMakeToOrderRecordsForFinancialYear()'><b>verifyManageMakeToOrderRecordsForFinancialYear</b><br>Test class: api.admin.tests.ManageDashboardTests</td>
<td></td>
<td>0</td>
<td>api.admin.tests.ManageDashboardTests@5f0fd5a0</td></tr>
<tr>
<td title='api.admin.tests.ManageDashboardTests.verifyReturnRequestCountForThisMonth()'><b>verifyReturnRequestCountForThisMonth</b><br>Test class: api.admin.tests.ManageDashboardTests</td>
<td></td>
<td>0</td>
<td>api.admin.tests.ManageDashboardTests@5f0fd5a0</td></tr>
<tr>
<td title='api.admin.tests.ManageDashboardTests.verifyCustomerCountForTodaysDate()'><b>verifyCustomerCountForTodaysDate</b><br>Test class: api.admin.tests.ManageDashboardTests</td>
<td></td>
<td>0</td>
<td>api.admin.tests.ManageDashboardTests@5f0fd5a0</td></tr>
<tr>
<td title='api.admin.tests.ManageDashboardTests.verifyReturnRequestCountForThisWeek()'><b>verifyReturnRequestCountForThisWeek</b><br>Test class: api.admin.tests.ManageDashboardTests</td>
<td></td>
<td>0</td>
<td>api.admin.tests.ManageDashboardTests@5f0fd5a0</td></tr>
<tr>
<td title='api.admin.tests.ManageProductTests_Piece.getListOfProductaAndVerifyTheCreatedProduct()'><b>getListOfProductaAndVerifyTheCreatedProduct</b><br>Test class: api.admin.tests.ManageProductTests_Piece</td>
<td></td>
<td>20</td>
<td>api.admin.tests.ManageProductTests_Piece@23202fce</td></tr>
<tr>
<td title='api.customer.tests.RequestForPriceTests.verifyRequestForPriceWithInvalidEmailId()'><b>verifyRequestForPriceWithInvalidEmailId</b><br>Test class: api.customer.tests.RequestForPriceTests</td>
<td></td>
<td>0</td>
<td>api.customer.tests.RequestForPriceTests@3fa247d1</td></tr>
<tr>
<td title='api.admin.tests.ManageDashboardTests.verifyAllComplaintsCountForThisMonth()'><b>verifyAllComplaintsCountForThisMonth</b><br>Test class: api.admin.tests.ManageDashboardTests</td>
<td></td>
<td>0</td>
<td>api.admin.tests.ManageDashboardTests@5f0fd5a0</td></tr>
<tr>
<td title='api.admin.tests.ManageDashboardTests.verifyCustomerCountForThisMonthDate()'><b>verifyCustomerCountForThisMonthDate</b><br>Test class: api.admin.tests.ManageDashboardTests</td>
<td></td>
<td>0</td>
<td>api.admin.tests.ManageDashboardTests@5f0fd5a0</td></tr>
<tr>
<td title='api.customer.tests.RequestForPriceTests.resolveAndUnresolvedTheRequestPrice()'><b>resolveAndUnresolvedTheRequestPrice</b><br>Test class: api.customer.tests.RequestForPriceTests</td>
<td></td>
<td>1</td>
<td>api.customer.tests.RequestForPriceTests@3fa247d1</td></tr>
<tr>
<td title='api.admin.tests.DeleteModuleTests.deleteTheFAQ()'><b>deleteTheFAQ</b><br>Test class: api.admin.tests.DeleteModuleTests</td>
<td></td>
<td>1</td>
<td>api.admin.tests.DeleteModuleTests@723e88f9</td></tr>
<tr>
<td title='api.admin.tests.ManageProductNewArrivalNotAllowedTests.addProduct_ArrivalNotAllowed()'><b>addProduct_ArrivalNotAllowed</b><br>Test class: api.admin.tests.ManageProductNewArrivalNotAllowedTests</td>
<td></td>
<td>0</td>
<td>api.admin.tests.ManageProductNewArrivalNotAllowedTests@4ea5b703</td></tr>
<tr>
<td title='api.admin.tests.ManageOrderTests.EditOrderStatusAsDelivered()'><b>EditOrderStatusAsDelivered</b><br>Test class: api.admin.tests.ManageOrderTests</td>
<td></td>
<td>0</td>
<td>api.admin.tests.ManageOrderTests@4f4c4b1a</td></tr>
<tr>
<td title='api.admin.tests.ManageDashboardTests.verifyReturnRequestCountForYesterday()'><b>verifyReturnRequestCountForYesterday</b><br>Test class: api.admin.tests.ManageDashboardTests</td>
<td></td>
<td>0</td>
<td>api.admin.tests.ManageDashboardTests@5f0fd5a0</td></tr>
<tr>
<td title='api.admin.tests.DeleteModuleTests.deleteTheCountryOfManufacture()'><b>deleteTheCountryOfManufacture</b><br>Test class: api.admin.tests.DeleteModuleTests</td>
<td></td>
<td>0</td>
<td>api.admin.tests.DeleteModuleTests@723e88f9</td></tr>
<tr>
<td title='api.admin.tests.ManageDashboardTests.verifyThisMonthRequestForPriceData()'><b>verifyThisMonthRequestForPriceData</b><br>Test class: api.admin.tests.ManageDashboardTests</td>
<td></td>
<td>0</td>
<td>api.admin.tests.ManageDashboardTests@5f0fd5a0</td></tr>
<tr>
<td title='api.customer.tests.RequestForPriceTests.viewRequestForPrice_Admin()'><b>viewRequestForPrice_Admin</b><br>Test class: api.customer.tests.RequestForPriceTests</td>
<td></td>
<td>1</td>
<td>api.customer.tests.RequestForPriceTests@3fa247d1</td></tr>
<tr>
<td title='api.admin.tests.ManageOrderTests.verifyStatusIsChanged()'><b>verifyStatusIsChanged</b><br>Test class: api.admin.tests.ManageOrderTests</td>
<td></td>
<td>1</td>
<td>api.admin.tests.ManageOrderTests@4f4c4b1a</td></tr>
<tr>
<td title='api.admin.tests.DeleteModuleTests.deleteColorCluster()'><b>deleteColorCluster</b><br>Test class: api.admin.tests.DeleteModuleTests</td>
<td></td>
<td>0</td>
<td>api.admin.tests.DeleteModuleTests@723e88f9</td></tr>
<tr>
<td title='api.admin.tests.ManageDashboardTests.verifyTodaysRequestForPriceData()'><b>verifyTodaysRequestForPriceData</b><br>Test class: api.admin.tests.ManageDashboardTests</td>
<td></td>
<td>0</td>
<td>api.admin.tests.ManageDashboardTests@5f0fd5a0</td></tr>
<tr>
<td title='api.admin.tests.DeleteModuleTests.deleteTheBrand()'><b>deleteTheBrand</b><br>Test class: api.admin.tests.DeleteModuleTests</td>
<td></td>
<td>1</td>
<td>api.admin.tests.DeleteModuleTests@723e88f9</td></tr>
<tr>
<td title='api.admin.tests.DeleteModuleTests.deleteProductType()'><b>deleteProductType</b><br>Test class: api.admin.tests.DeleteModuleTests</td>
<td></td>
<td>1</td>
<td>api.admin.tests.DeleteModuleTests@723e88f9</td></tr>
<tr>
<td title='api.admin.tests.DeleteModuleTests.deleteQuality()'><b>deleteQuality</b><br>Test class: api.admin.tests.DeleteModuleTests</td>
<td></td>
<td>0</td>
<td>api.admin.tests.DeleteModuleTests@723e88f9</td></tr>
<tr>
<td title='api.admin.tests.ManageDashboardTests.verifyAllComplaintsCountForThisWeek()'><b>verifyAllComplaintsCountForThisWeek</b><br>Test class: api.admin.tests.ManageDashboardTests</td>
<td></td>
<td>0</td>
<td>api.admin.tests.ManageDashboardTests@5f0fd5a0</td></tr>
<tr>
<td title='api.admin.tests.DeleteModuleTests.deleteFinishesSize()'><b>deleteFinishesSize</b><br>Test class: api.admin.tests.DeleteModuleTests</td>
<td></td>
<td>0</td>
<td>api.admin.tests.DeleteModuleTests@723e88f9</td></tr>
<tr>
<td title='api.admin.tests.ManageOrderTests.EditTheStatusAsCancelled()'><b>EditTheStatusAsCancelled</b><br>Test class: api.admin.tests.ManageOrderTests</td>
<td></td>
<td>2</td>
<td>api.admin.tests.ManageOrderTests@4f4c4b1a</td></tr>
<tr>
<td title='api.admin.tests.ManageProductFeaturedNotAllowedTests.addProduct_FeaturedNotAllowed()'><b>addProduct_FeaturedNotAllowed</b><br>Test class: api.admin.tests.ManageProductFeaturedNotAllowedTests</td>
<td></td>
<td>0</td>
<td>api.admin.tests.ManageProductFeaturedNotAllowedTests@407a7f2a</td></tr>
<tr>
<td title='api.admin.tests.ManageDashboardTests.verifyManageMakeToOrderRecordsForLastMonth()'><b>verifyManageMakeToOrderRecordsForLastMonth</b><br>Test class: api.admin.tests.ManageDashboardTests</td>
<td></td>
<td>0</td>
<td>api.admin.tests.ManageDashboardTests@5f0fd5a0</td></tr>
<tr>
<td title='api.admin.tests.ManageDashboardTests.verifyCustomerCountForThisWeek()'><b>verifyCustomerCountForThisWeek</b><br>Test class: api.admin.tests.ManageDashboardTests</td>
<td></td>
<td>0</td>
<td>api.admin.tests.ManageDashboardTests@5f0fd5a0</td></tr>
<tr>
<td title='api.customer.tests.RequestForPriceTests.createRequestForPrice()'><b>createRequestForPrice</b><br>Test class: api.customer.tests.RequestForPriceTests</td>
<td></td>
<td>1</td>
<td>api.customer.tests.RequestForPriceTests@3fa247d1</td></tr>
<tr>
<td title='api.customer.tests.CartTests.verifyTheProductIsNotAddedInCartWityNegativeQuantity()'><b>verifyTheProductIsNotAddedInCartWityNegativeQuantity</b><br>Test class: api.customer.tests.CartTests</td>
<td></td>
<td>0</td>
<td>api.customer.tests.CartTests@2cb2fc20</td></tr>
<tr>
<td title='api.admin.tests.ManageProductTests_Set.addProduct_Set()'><b>addProduct_Set</b><br>Test class: api.admin.tests.ManageProductTests_Set</td>
<td></td>
<td>0</td>
<td>api.admin.tests.ManageProductTests_Set@7b993c65</td></tr>
<tr>
<td title='api.admin.tests.ManageProductTests_Kg.getListOfProductaAndVerifyTheCreatedProduct()'><b>getListOfProductaAndVerifyTheCreatedProduct</b><br>Test class: api.admin.tests.ManageProductTests_Kg</td>
<td></td>
<td>20</td>
<td>api.admin.tests.ManageProductTests_Kg@1df8b5b8</td></tr>
<tr>
<td title='api.admin.tests.ManageDashboardTests.verifyManageMakeToOrderRecordsForThisMonth()'><b>verifyManageMakeToOrderRecordsForThisMonth</b><br>Test class: api.admin.tests.ManageDashboardTests</td>
<td></td>
<td>0</td>
<td>api.admin.tests.ManageDashboardTests@5f0fd5a0</td></tr>
<tr>
<td title='api.admin.tests.ManageOrderTests.verifyGetOrderList()'><b>verifyGetOrderList</b><br>Test class: api.admin.tests.ManageOrderTests</td>
<td></td>
<td>1</td>
<td>api.admin.tests.ManageOrderTests@4f4c4b1a</td></tr>
</table><p>
</body>
</html>